<?xml version="1.0" encoding="UTF-8"?>
<!-- Generated by org.testng.reporters.JUnitReportReporter -->
<testsuite skipped="0" hostname="DESKTOP-QGVDP2Q" name="Util.BrowserLaunch" tests="1" failures="0" timestamp="2020-06-12T11:25:52 CDT" time="5.872" errors="0">
  <testcase name="openbrowser" time="5.872" classname="Util.BrowserLaunch"/>
</testsuite> <!-- Util.BrowserLaunch -->
