<?xml version="1.0" encoding="UTF-8"?>
<!-- Generated by org.testng.reporters.JUnitReportReporter -->
<testsuite skipped="0" hostname="DESKTOP-QGVDP2Q" name="Test.DropDown" tests="1" failures="0" timestamp="2020-06-12T12:50:54 CDT" time="5.357" errors="0">
  <testcase name="browseropen" time="5.357" classname="Test.DropDown"/>
</testsuite> <!-- Test.DropDown -->
