<?xml version="1.0" encoding="UTF-8"?>
<!-- Generated by org.testng.reporters.JUnitReportReporter -->
<testsuite skipped="0" hostname="DESKTOP-QGVDP2Q" name="Test.DropDrag" tests="1" failures="0" timestamp="2020-07-24T13:14:03 CDT" time="5.869" errors="0">
  <testcase name="draganddrop" time="5.869" classname="Test.DropDrag"/>
</testsuite> <!-- Test.DropDrag -->
